Test with 2.4 G frequency, blocked + vec:\n
Description:	Blocked dgemm with padding and AVX.

Size: 31	Mflop/s:  2519.84	Percentage: 13.12
Size: 32	Mflop/s:  4704.54	Percentage: 24.50
Size: 96	Mflop/s:  6440.98	Percentage: 33.55
Size: 97	Mflop/s:  4373.56	Percentage: 22.78
Size: 127	Mflop/s:  5564.11	Percentage: 28.98
Size: 128	Mflop/s:  6194.71	Percentage: 32.26
Size: 129	Mflop/s:  5055.58	Percentage: 26.33
Size: 191	Mflop/s:  6380.32	Percentage: 33.23
Size: 192	Mflop/s:  7302.23	Percentage: 38.03
Size: 229	Mflop/s:  6450.32	Percentage: 33.60
Size: 255	Mflop/s:  6733.47	Percentage: 35.07
Size: 256	Mflop/s:  5632.64	Percentage: 29.34
Size: 257	Mflop/s:  6306.29	Percentage: 32.85
Size: 319	Mflop/s:  6865.91	Percentage: 35.76
Size: 320	Mflop/s:  7409.56	Percentage: 38.59
Size: 321	Mflop/s:  6433.91	Percentage: 33.51
Size: 417	Mflop/s:  6568.01	Percentage: 34.21
Size: 479	Mflop/s:  6855.37	Percentage: 35.71
Size: 480	Mflop/s:  7327.55	Percentage: 38.16
Size: 511	Mflop/s:  6883.12	Percentage: 35.85
Size: 512	Mflop/s:  4977.79	Percentage: 25.93
Size: 639	Mflop/s:  6755.22	Percentage: 35.18
Size: 640	Mflop/s:  5869.65	Percentage: 30.57
Size: 767	Mflop/s:  6719.83	Percentage: 35.00
Size: 768	Mflop/s:   5704.9	Percentage: 29.71
Size: 769	Mflop/s:  6564.28	Percentage: 34.19
Average percentage of Peak = 31.7696
Test with 2.4 G frequency, blocked + unroll:\n
Description:	Blocked dgemm with unrolling, reuse and padding.

Size: 31	Mflop/s:  1693.44	Percentage:  8.82
Size: 32	Mflop/s:  1852.53	Percentage:  9.65
Size: 96	Mflop/s:  2519.83	Percentage: 13.12
Size: 97	Mflop/s:  2052.54	Percentage: 10.69
Size: 127	Mflop/s:  2334.35	Percentage: 12.16
Size: 128	Mflop/s:  2391.59	Percentage: 12.46
Size: 129	Mflop/s:  2236.65	Percentage: 11.65
Size: 191	Mflop/s:  2538.05	Percentage: 13.22
Size: 192	Mflop/s:  2581.32	Percentage: 13.44
Size: 229	Mflop/s:  2649.18	Percentage: 13.80
Size: 255	Mflop/s:  2098.38	Percentage: 10.93
Size: 256	Mflop/s:  2123.02	Percentage: 11.06
Size: 257	Mflop/s:  2578.69	Percentage: 13.43
Size: 319	Mflop/s:  2671.74	Percentage: 13.92
Size: 320	Mflop/s:  2697.99	Percentage: 14.05
Size: 321	Mflop/s:  2592.08	Percentage: 13.50
Size: 417	Mflop/s:  2515.86	Percentage: 13.10
Size: 479	Mflop/s:  2518.24	Percentage: 13.12
Size: 480	Mflop/s:  2535.76	Percentage: 13.21
Size: 511	Mflop/s:  1658.26	Percentage:  8.64
Size: 512	Mflop/s:  1671.48	Percentage:  8.71
Size: 639	Mflop/s:  2351.32	Percentage: 12.25
Size: 640	Mflop/s:  2363.02	Percentage: 12.31
Size: 767	Mflop/s:   2059.3	Percentage: 10.73
Size: 768	Mflop/s:  2067.43	Percentage: 10.77
Size: 769	Mflop/s:  2358.46	Percentage: 12.28
Average percentage of Peak = 11.9612
Test with 2.4 G frequency, naive:\n
Description:	Naive, three-loop dgemm.

Size: 31	Mflop/s:  2247.57	Percentage: 11.71
Size: 32	Mflop/s:  1923.97	Percentage: 10.02
Size: 96	Mflop/s:  2453.89	Percentage: 12.78
Size: 97	Mflop/s:  3018.53	Percentage: 15.72
Size: 127	Mflop/s:  2973.28	Percentage: 15.49
Size: 128	Mflop/s:  1548.38	Percentage:  8.06
Size: 129	Mflop/s:  3066.85	Percentage: 15.97
Size: 191	Mflop/s:  2527.46	Percentage: 13.16
Size: 192	Mflop/s:  1488.07	Percentage:  7.75
Size: 229	Mflop/s:  2387.23	Percentage: 12.43
Size: 255	Mflop/s:  2336.43	Percentage: 12.17
Size: 256	Mflop/s:  662.695	Percentage:  3.45
Size: 257	Mflop/s:  2353.93	Percentage: 12.26
Size: 319	Mflop/s:  2295.06	Percentage: 11.95
Size: 320	Mflop/s:  1254.69	Percentage:  6.53
Size: 321	Mflop/s:   2302.7	Percentage: 11.99
Size: 417	Mflop/s:  2169.83	Percentage: 11.30
Size: 479	Mflop/s:  1575.99	Percentage:  8.21
Size: 480	Mflop/s:  1298.72	Percentage:  6.76
Size: 511	Mflop/s:  1757.09	Percentage:  9.15
Size: 512	Mflop/s:  658.407	Percentage:  3.43
Size: 639	Mflop/s:  227.852	Percentage:  1.19
Size: 640	Mflop/s:  210.001	Percentage:  1.09
Size: 767	Mflop/s:  187.116	Percentage:  0.97
Size: 768	Mflop/s:  188.778	Percentage:  0.98
Size: 769	Mflop/s:  186.984	Percentage:  0.97
Average percentage of Peak = 8.67418
Test with 2.4 G frequency, blas:\n
Description:	Reference dgemm.

Size: 31	Mflop/s:  10708.8	Percentage: 55.77
Size: 32	Mflop/s:  14756.4	Percentage: 76.86
Size: 96	Mflop/s:  15690.3	Percentage: 81.72
Size: 97	Mflop/s:  14963.7	Percentage: 77.94
Size: 127	Mflop/s:  14931.6	Percentage: 77.77
Size: 128	Mflop/s:    16001	Percentage: 83.34
Size: 129	Mflop/s:  15461.6	Percentage: 80.53
Size: 191	Mflop/s:  15739.6	Percentage: 81.98
Size: 192	Mflop/s:  16592.2	Percentage: 86.42
Size: 229	Mflop/s:  16380.2	Percentage: 85.31
Size: 255	Mflop/s:  16191.9	Percentage: 84.33
Size: 256	Mflop/s:  16839.9	Percentage: 87.71
Size: 257	Mflop/s:  16496.6	Percentage: 85.92
Size: 319	Mflop/s:  16038.6	Percentage: 83.53
Size: 320	Mflop/s:  16636.4	Percentage: 86.65
Size: 321	Mflop/s:  16459.2	Percentage: 85.72
Size: 417	Mflop/s:  16882.2	Percentage: 87.93
Size: 479	Mflop/s:  16873.2	Percentage: 87.88
Size: 480	Mflop/s:  17381.5	Percentage: 90.53
Size: 511	Mflop/s:    16678	Percentage: 86.86
Size: 512	Mflop/s:  17243.6	Percentage: 89.81
Size: 639	Mflop/s:  17114.5	Percentage: 89.14
Size: 640	Mflop/s:  17512.3	Percentage: 91.21
Size: 767	Mflop/s:  17173.8	Percentage: 89.45
Size: 768	Mflop/s:  17540.3	Percentage: 91.36
Size: 769	Mflop/s:  17338.4	Percentage: 90.30
Average percentage of Peak = 84.4603
Test with 1.0 G frequency, blocked + vec:\n
Description:	Blocked dgemm with padding and AVX.

Size: 31	Mflop/s:  3229.04	Percentage: 16.82
Size: 32	Mflop/s:  6163.94	Percentage: 32.10
Size: 96	Mflop/s:   8577.7	Percentage: 44.68
Size: 97	Mflop/s:  5785.66	Percentage: 30.13
Size: 127	Mflop/s:  7442.17	Percentage: 38.76
Size: 128	Mflop/s:  8199.77	Percentage: 42.71
Size: 129	Mflop/s:  6659.55	Percentage: 34.69
Size: 191	Mflop/s:  8448.11	Percentage: 44.00
Size: 192	Mflop/s:   9739.3	Percentage: 50.73
Size: 229	Mflop/s:  8612.11	Percentage: 44.85
Size: 255	Mflop/s:  8944.08	Percentage: 46.58
Size: 256	Mflop/s:  7456.26	Percentage: 38.83
Size: 257	Mflop/s:  8364.34	Percentage: 43.56
Size: 319	Mflop/s:  9083.94	Percentage: 47.31
Size: 320	Mflop/s:  9805.25	Percentage: 51.07
Size: 321	Mflop/s:  8534.47	Percentage: 44.45
Size: 417	Mflop/s:  8884.04	Percentage: 46.27
Size: 479	Mflop/s:  9273.23	Percentage: 48.30
Size: 480	Mflop/s:  9760.04	Percentage: 50.83
Size: 511	Mflop/s:  9362.22	Percentage: 48.76
Size: 512	Mflop/s:  6719.87	Percentage: 35.00
Size: 639	Mflop/s:  8996.89	Percentage: 46.86
Size: 640	Mflop/s:  7806.67	Percentage: 40.66
Size: 767	Mflop/s:   8957.1	Percentage: 46.65
Size: 768	Mflop/s:  7555.11	Percentage: 39.35
Size: 769	Mflop/s:   8723.2	Percentage: 45.43
Average percentage of Peak = 42.2845
Test with 1.0 G frequency, blocked + unroll:\n
Description:	Blocked dgemm with unrolling, reuse and padding.

Size: 31	Mflop/s:  2218.22	Percentage: 11.55
Size: 32	Mflop/s:  2433.11	Percentage: 12.67
Size: 96	Mflop/s:  3333.61	Percentage: 17.36
Size: 97	Mflop/s:   2717.8	Percentage: 14.16
Size: 127	Mflop/s:  3096.62	Percentage: 16.13
Size: 128	Mflop/s:  3169.02	Percentage: 16.51
Size: 129	Mflop/s:  2969.61	Percentage: 15.47
Size: 191	Mflop/s:  3370.36	Percentage: 17.55
Size: 192	Mflop/s:  3428.45	Percentage: 17.86
Size: 229	Mflop/s:  3520.79	Percentage: 18.34
Size: 255	Mflop/s:  2790.37	Percentage: 14.53
Size: 256	Mflop/s:  2823.77	Percentage: 14.71
Size: 257	Mflop/s:  3429.81	Percentage: 17.86
Size: 319	Mflop/s:  3553.58	Percentage: 18.51
Size: 320	Mflop/s:  3590.75	Percentage: 18.70
Size: 321	Mflop/s:  3445.71	Percentage: 17.95
Size: 417	Mflop/s:  3347.35	Percentage: 17.43
Size: 479	Mflop/s:  3355.04	Percentage: 17.47
Size: 480	Mflop/s:  3376.16	Percentage: 17.58
Size: 511	Mflop/s:  2214.48	Percentage: 11.53
Size: 512	Mflop/s:  2224.65	Percentage: 11.59
Size: 639	Mflop/s:  3129.09	Percentage: 16.30
Size: 640	Mflop/s:  3142.12	Percentage: 16.37
Size: 767	Mflop/s:  2504.26	Percentage: 13.04
Size: 768	Mflop/s:  2753.31	Percentage: 14.34
Size: 769	Mflop/s:  3138.97	Percentage: 16.35
Average percentage of Peak = 15.8408
Test with 1.0 G frequency, naive:\n
/var/spool/slurmd/job3811016/slurm_script: line 22: run: command not found
Test with 1.0 G frequency, blas:\n
Description:	Reference dgemm.

Size: 31	Mflop/s:  14282.6	Percentage: 74.39
Size: 32	Mflop/s:  19708.1	Percentage:102.65
Size: 96	Mflop/s:  21023.6	Percentage:109.50
Size: 97	Mflop/s:  19962.3	Percentage:103.97
Size: 127	Mflop/s:  19816.8	Percentage:103.21
Size: 128	Mflop/s:  21285.1	Percentage:110.86
Size: 129	Mflop/s:  20520.3	Percentage:106.88
Size: 191	Mflop/s:  20857.5	Percentage:108.63
Size: 192	Mflop/s:  21994.7	Percentage:114.56
Size: 229	Mflop/s:  21807.1	Percentage:113.58
Size: 255	Mflop/s:  21509.8	Percentage:112.03
Size: 256	Mflop/s:  22363.8	Percentage:116.48
Size: 257	Mflop/s:  21902.3	Percentage:114.07
Size: 319	Mflop/s:  21402.3	Percentage:111.47
Size: 320	Mflop/s:  22179.5	Percentage:115.52
Size: 321	Mflop/s:  21885.1	Percentage:113.99
Size: 417	Mflop/s:  22491.8	Percentage:117.15
Size: 479	Mflop/s:  22486.8	Percentage:117.12
Size: 480	Mflop/s:  23130.5	Percentage:120.47
Size: 511	Mflop/s:  22238.5	Percentage:115.83
Size: 512	Mflop/s:  22942.2	Percentage:119.49
Size: 639	Mflop/s:  22821.3	Percentage:118.86
Size: 640	Mflop/s:  23332.6	Percentage:121.52
Size: 767	Mflop/s:  22908.9	Percentage:119.32
Size: 768	Mflop/s:  23368.1	Percentage:121.71
Size: 769	Mflop/s:  23121.8	Percentage:120.43
Average percentage of Peak = 112.449
